<?xml version="1.0" encoding="UTF-8"?>
<testng-results skipped="0" failed="0" ignored="4" total="10" passed="6">
  <reporter-output>
  </reporter-output>
  <suite name="TestNG" duration-ms="338" started-at="2018-10-24T16:07:31Z" finished-at="2018-10-24T16:07:31Z">
    <groups>
      <group name="A">
        <method signature="TestGroupNew.m1()[pri:0, instance:testNG.TestGroupNew@26a7b76d]" name="m1" class="testNG.TestGroupNew"/>
        <method signature="TestGrouping.f1()[pri:0, instance:testNG.TestGrouping@687080dc]" name="f1" class="testNG.TestGrouping"/>
        <method signature="TestGrouping.f6()[pri:0, instance:testNG.TestGrouping@687080dc]" name="f6" class="testNG.TestGrouping"/>
      </group> <!-- A -->
      <group name="B">
        <method signature="TestGroupNew.m2()[pri:0, instance:testNG.TestGroupNew@26a7b76d]" name="m2" class="testNG.TestGroupNew"/>
        <method signature="TestGrouping.f2()[pri:0, instance:testNG.TestGrouping@687080dc]" name="f2" class="testNG.TestGrouping"/>
        <method signature="TestGrouping.f5()[pri:0, instance:testNG.TestGrouping@687080dc]" name="f5" class="testNG.TestGrouping"/>
      </group> <!-- B -->
    </groups>
    <test name="Test Grouping" duration-ms="338" started-at="2018-10-24T16:07:31Z" finished-at="2018-10-24T16:07:31Z">
      <class name="testNG.TestGrouping">
        <test-method status="PASS" signature="f1()[pri:0, instance:testNG.TestGrouping@687080dc]" name="f1" duration-ms="40" started-at="2018-10-24T16:07:31Z" finished-at="2018-10-24T16:07:31Z">
          <reporter-output>
          </reporter-output>
        </test-method> <!-- f1 -->
        <test-method status="PASS" signature="f2()[pri:0, instance:testNG.TestGrouping@687080dc]" name="f2" duration-ms="8" started-at="2018-10-24T16:07:31Z" finished-at="2018-10-24T16:07:31Z">
          <reporter-output>
          </reporter-output>
        </test-method> <!-- f2 -->
        <test-method status="PASS" signature="f5()[pri:0, instance:testNG.TestGrouping@687080dc]" name="f5" duration-ms="9" started-at="2018-10-24T16:07:31Z" finished-at="2018-10-24T16:07:31Z">
          <reporter-output>
          </reporter-output>
        </test-method> <!-- f5 -->
        <test-method status="PASS" signature="f6()[pri:0, instance:testNG.TestGrouping@687080dc]" name="f6" duration-ms="9" started-at="2018-10-24T16:07:31Z" finished-at="2018-10-24T16:07:31Z">
          <reporter-output>
          </reporter-output>
        </test-method> <!-- f6 -->
      </class> <!-- testNG.TestGrouping -->
      <class name="testNG.TestGroupNew">
        <test-method status="PASS" signature="m1()[pri:0, instance:testNG.TestGroupNew@26a7b76d]" name="m1" duration-ms="8" started-at="2018-10-24T16:07:31Z" finished-at="2018-10-24T16:07:31Z">
          <reporter-output>
          </reporter-output>
        </test-method> <!-- m1 -->
        <test-method status="PASS" signature="m2()[pri:0, instance:testNG.TestGroupNew@26a7b76d]" name="m2" duration-ms="9" started-at="2018-10-24T16:07:31Z" finished-at="2018-10-24T16:07:31Z">
          <reporter-output>
          </reporter-output>
        </test-method> <!-- m2 -->
      </class> <!-- testNG.TestGroupNew -->
    </test> <!-- Test Grouping -->
  </suite> <!-- TestNG -->
</testng-results>
