<?xml version="1.0" encoding="UTF-8"?>
<!-- Generated by org.testng.reporters.JUnitXMLReporter -->
<testsuite hostname="DESKTOP-HGE99I0" ignored="4" name="Test Grouping" tests="6" failures="0" timestamp="24 十月 2018 16:07:31 GMT" time="0.338" errors="0">
  <testcase name="f1" time="0.04" classname="testNG.TestGrouping"/>
  <testcase name="f2" time="0.008" classname="testNG.TestGrouping"/>
  <testcase name="f5" time="0.009" classname="testNG.TestGrouping"/>
  <testcase name="f6" time="0.009" classname="testNG.TestGrouping"/>
  <testcase name="m1" time="0.008" classname="testNG.TestGroupNew"/>
  <testcase name="m2" time="0.009" classname="testNG.TestGroupNew"/>
  <testcase name="f3" time="0.0" classname="testNG.TestGrouping">
    <ignored/>
  </testcase> <!-- f3 -->
  <testcase name="f4" time="0.0" classname="testNG.TestGrouping">
    <ignored/>
  </testcase> <!-- f4 -->
  <testcase name="m4" time="0.0" classname="testNG.TestGroupNew">
    <ignored/>
  </testcase> <!-- m4 -->
  <testcase name="m3" time="0.0" classname="testNG.TestGroupNew">
    <ignored/>
  </testcase> <!-- m3 -->
</testsuite> <!-- Test Grouping -->
